<?xml version="1.0" encoding="UTF-8"?>
<testsuites name="Verify the Login of Site" time="90.689" tests="4" failures="0" errors="0">
   <testsuite name="Verify the Login of Site" tests="4" failures="0" errors="0" time="90.689" skipped="0" timestamp="2023-08-21 18:11:24" hostname="ekarayel - BD115216NEBS.clkenerji.local" id="Test Suites/Verify the Login of Site">
      <properties>
         <property name="deviceName" value=""/>
         <property name="devicePlatform" value=""/>
         <property name="logFolder" value="C:\\Users\\ekarayel\\git\\KatalonRep1\\Reports\\20230821_181116\\Verify the Login of Site\\20230821_181117"/>
         <property name="logFiles" value="C:\\Users\\ekarayel\\git\\KatalonRep1\\Reports\\20230821_181116\\Verify the Login of Site\\20230821_181117\\execution0.log"/>
         <property name="attachments" value=""/>
         <property name="hostName" value="ekarayel - BD115216NEBS.clkenerji.local"/>
         <property name="os" value="Windows 10 64bit"/>
         <property name="katalonVersion" value="8.6.6.208"/>
         <property name="browser" value="Chrome 115.0.0.0"/>
         <property name="hostAddress" value="192.168.1.164"/>
         <property name="sessionId" value="2ed94961b483642a1f387bcc86426a67"/>
         <property name="seleniumVersion" value="3.141.59"/>
         <property name="proxyInformation" value="ProxyInformation { proxyOption=NO_PROXY, proxyServerType=HTTP, username=, password=********, proxyServerAddress=, proxyServerPort=0, executionList=&quot;&quot;, isApplyToDesiredCapabilities=true }"/>
         <property name="platform" value="Windows 10"/>
      </properties>
      <testcase name="Test Cases/Verify the Login of Site-N1" time="20.737" classname="Test Cases/Verify the Login of Site-N1" status="PASSED">
         <system-out><![CDATA[2023-08-21 18:11:24 - [TEST_CASE][PASSED] - Test Cases/Verify the Login of Site-N1: Test Cases/Verify the Login of Site-N1

2023-08-21 18:11:25 - [TEST_STEP][PASSED] - openBrowser(""): Browser is opened with url: ''

2023-08-21 18:11:26 - [MESSAGE][INFO] - Starting 'Chrome' driver

2023-08-21 18:11:26 - [MESSAGE][INFO] - Action delay is set to 0 milliseconds

2023-08-21 18:11:30 - [MESSAGE][PASSED] - Browser is opened with url: ''

2023-08-21 18:11:30 - [TEST_STEP][PASSED] - navigateToUrl(urlLoginPage): Navigate to 'https://opensource-demo.orangehrmlive.com/web/index.php/auth/login' successfully

2023-08-21 18:11:36 - [MESSAGE][PASSED] - Navigate to 'https://opensource-demo.orangehrmlive.com/web/index.php/auth/login' successfully

2023-08-21 18:11:36 - [TEST_STEP][PASSED] - verifyElementPresent(findTestObject("Page_OrangeHRM/inp_Username"), 5): Object 'Object Repository/Page_OrangeHRM/inp_Username' is present

2023-08-21 18:11:38 - [MESSAGE][PASSED] - Object 'Object Repository/Page_OrangeHRM/inp_Username' is present

2023-08-21 18:11:38 - [TEST_STEP][PASSED] - verifyElementVisible(findTestObject("Page_OrangeHRM/inp_Username")): Object 'Object Repository/Page_OrangeHRM/inp_Username' is visible

2023-08-21 18:11:38 - [MESSAGE][PASSED] - Object 'Object Repository/Page_OrangeHRM/inp_Username' is visible

2023-08-21 18:11:38 - [TEST_STEP][PASSED] - verifyElementPresent(findTestObject("Page_OrangeHRM/inp_Password"), 5): Object 'Object Repository/Page_OrangeHRM/inp_Password' is present

2023-08-21 18:11:39 - [MESSAGE][PASSED] - Object 'Object Repository/Page_OrangeHRM/inp_Password' is present

2023-08-21 18:11:39 - [TEST_STEP][PASSED] - verifyElementVisible(findTestObject("Page_OrangeHRM/inp_Password")): Object 'Object Repository/Page_OrangeHRM/inp_Password' is visible

2023-08-21 18:11:39 - [MESSAGE][PASSED] - Object 'Object Repository/Page_OrangeHRM/inp_Password' is visible

2023-08-21 18:11:39 - [TEST_STEP][PASSED] - verifyElementPresent(findTestObject("Page_OrangeHRM/btn_Login"), 5): Object 'Object Repository/Page_OrangeHRM/btn_Login' is present

2023-08-21 18:11:39 - [MESSAGE][PASSED] - Object 'Object Repository/Page_OrangeHRM/btn_Login' is present

2023-08-21 18:11:39 - [TEST_STEP][PASSED] - verifyElementVisible(findTestObject("Page_OrangeHRM/btn_Login")): Object 'Object Repository/Page_OrangeHRM/btn_Login' is visible

2023-08-21 18:11:40 - [MESSAGE][PASSED] - Object 'Object Repository/Page_OrangeHRM/btn_Login' is visible

2023-08-21 18:11:40 - [TEST_STEP][PASSED] - verifyElementClickable(findTestObject("Page_OrangeHRM/btn_Login")): Object 'Object Repository/Page_OrangeHRM/btn_Login' is clickable

2023-08-21 18:11:40 - [MESSAGE][PASSED] - Object 'Object Repository/Page_OrangeHRM/btn_Login' is clickable

2023-08-21 18:11:40 - [TEST_STEP][PASSED] - setText(findTestObject("Object Repository/Page_OrangeHRM/inp_Username"), username_valid): Text 'Admin' is set on object 'Object Repository/Page_OrangeHRM/inp_Username'

2023-08-21 18:11:41 - [MESSAGE][PASSED] - Text 'Admin' is set on object 'Object Repository/Page_OrangeHRM/inp_Username'

2023-08-21 18:11:41 - [TEST_STEP][PASSED] - setText(findTestObject("Page_OrangeHRM/inp_Password"), password_invalid): Text 'admin123456' is set on object 'Object Repository/Page_OrangeHRM/inp_Password'

2023-08-21 18:11:42 - [MESSAGE][PASSED] - Text 'admin123456' is set on object 'Object Repository/Page_OrangeHRM/inp_Password'

2023-08-21 18:11:42 - [TEST_STEP][PASSED] - click(findTestObject("Object Repository/Page_OrangeHRM/btn_Login")): Object: 'Object Repository/Page_OrangeHRM/btn_Login' is clicked on

2023-08-21 18:11:43 - [MESSAGE][PASSED] - Object: 'Object Repository/Page_OrangeHRM/btn_Login' is clicked on

2023-08-21 18:11:43 - [TEST_STEP][PASSED] - try: Object 'Object Repository/Page_OrangeHRM/p_Invalid credentials' is visible

2023-08-21 18:11:43 - [TEST_STEP][PASSED] - element = verifyElementVisible(findTestObject("Object Repository/Page_OrangeHRM/p_Invalid credentials")): Object 'Object Repository/Page_OrangeHRM/p_Invalid credentials' is visible

2023-08-21 18:11:44 - [MESSAGE][PASSED] - Object 'Object Repository/Page_OrangeHRM/p_Invalid credentials' is visible

2023-08-21 18:11:44 - [TEST_STEP][PASSED] - closeBrowser(): Browser is closed

2023-08-21 18:11:45 - [MESSAGE][PASSED] - Browser is closed]]></system-out>
         <system-err><![CDATA[]]></system-err>
      </testcase>
      <testcase name="Test Cases/Verify the Login of Site-N2" time="12.999" classname="Test Cases/Verify the Login of Site-N2" status="PASSED">
         <system-out><![CDATA[2023-08-21 18:11:45 - [TEST_CASE][PASSED] - Test Cases/Verify the Login of Site-N2: Test Cases/Verify the Login of Site-N2

2023-08-21 18:11:45 - [TEST_STEP][PASSED] - openBrowser(""): Browser is opened with url: ''

2023-08-21 18:11:45 - [MESSAGE][INFO] - Starting 'Chrome' driver

2023-08-21 18:11:45 - [MESSAGE][INFO] - Action delay is set to 0 milliseconds

2023-08-21 18:11:48 - [MESSAGE][PASSED] - Browser is opened with url: ''

2023-08-21 18:11:48 - [TEST_STEP][PASSED] - navigateToUrl(urlLoginPage): Navigate to 'https://opensource-demo.orangehrmlive.com/web/index.php/auth/login' successfully

2023-08-21 18:11:51 - [MESSAGE][PASSED] - Navigate to 'https://opensource-demo.orangehrmlive.com/web/index.php/auth/login' successfully

2023-08-21 18:11:51 - [TEST_STEP][PASSED] - verifyElementPresent(findTestObject("Page_OrangeHRM/inp_Username"), 5): Object 'Object Repository/Page_OrangeHRM/inp_Username' is present

2023-08-21 18:11:52 - [MESSAGE][PASSED] - Object 'Object Repository/Page_OrangeHRM/inp_Username' is present

2023-08-21 18:11:52 - [TEST_STEP][PASSED] - verifyElementVisible(findTestObject("Page_OrangeHRM/inp_Username")): Object 'Object Repository/Page_OrangeHRM/inp_Username' is visible

2023-08-21 18:11:52 - [MESSAGE][PASSED] - Object 'Object Repository/Page_OrangeHRM/inp_Username' is visible

2023-08-21 18:11:52 - [TEST_STEP][PASSED] - verifyElementPresent(findTestObject("Page_OrangeHRM/inp_Password"), 5): Object 'Object Repository/Page_OrangeHRM/inp_Password' is present

2023-08-21 18:11:53 - [MESSAGE][PASSED] - Object 'Object Repository/Page_OrangeHRM/inp_Password' is present

2023-08-21 18:11:53 - [TEST_STEP][PASSED] - verifyElementVisible(findTestObject("Page_OrangeHRM/inp_Password")): Object 'Object Repository/Page_OrangeHRM/inp_Password' is visible

2023-08-21 18:11:53 - [MESSAGE][PASSED] - Object 'Object Repository/Page_OrangeHRM/inp_Password' is visible

2023-08-21 18:11:53 - [TEST_STEP][PASSED] - verifyElementPresent(findTestObject("Page_OrangeHRM/btn_Login"), 5): Object 'Object Repository/Page_OrangeHRM/btn_Login' is present

2023-08-21 18:11:53 - [MESSAGE][PASSED] - Object 'Object Repository/Page_OrangeHRM/btn_Login' is present

2023-08-21 18:11:53 - [TEST_STEP][PASSED] - verifyElementVisible(findTestObject("Page_OrangeHRM/btn_Login")): Object 'Object Repository/Page_OrangeHRM/btn_Login' is visible

2023-08-21 18:11:54 - [MESSAGE][PASSED] - Object 'Object Repository/Page_OrangeHRM/btn_Login' is visible

2023-08-21 18:11:54 - [TEST_STEP][PASSED] - verifyElementClickable(findTestObject("Page_OrangeHRM/btn_Login")): Object 'Object Repository/Page_OrangeHRM/btn_Login' is clickable

2023-08-21 18:11:54 - [MESSAGE][PASSED] - Object 'Object Repository/Page_OrangeHRM/btn_Login' is clickable

2023-08-21 18:11:54 - [TEST_STEP][PASSED] - setText(findTestObject("Object Repository/Page_OrangeHRM/inp_Username"), username_invalid): Text 'admin123456' is set on object 'Object Repository/Page_OrangeHRM/inp_Username'

2023-08-21 18:11:55 - [MESSAGE][PASSED] - Text 'admin123456' is set on object 'Object Repository/Page_OrangeHRM/inp_Username'

2023-08-21 18:11:55 - [TEST_STEP][PASSED] - setText(findTestObject("Page_OrangeHRM/inp_Password"), password_valid): Text 'hUKwJTbofgPU9eVlw/CnDQ==' is set on object 'Object Repository/Page_OrangeHRM/inp_Password'

2023-08-21 18:11:55 - [MESSAGE][PASSED] - Text 'hUKwJTbofgPU9eVlw/CnDQ==' is set on object 'Object Repository/Page_OrangeHRM/inp_Password'

2023-08-21 18:11:56 - [TEST_STEP][PASSED] - click(findTestObject("Object Repository/Page_OrangeHRM/btn_Login")): Object: 'Object Repository/Page_OrangeHRM/btn_Login' is clicked on

2023-08-21 18:11:56 - [MESSAGE][PASSED] - Object: 'Object Repository/Page_OrangeHRM/btn_Login' is clicked on

2023-08-21 18:11:56 - [TEST_STEP][PASSED] - try: Object 'Object Repository/Page_OrangeHRM/p_Invalid credentials' is visible

2023-08-21 18:11:56 - [TEST_STEP][PASSED] - element = verifyElementVisible(findTestObject("Object Repository/Page_OrangeHRM/p_Invalid credentials")): Object 'Object Repository/Page_OrangeHRM/p_Invalid credentials' is visible

2023-08-21 18:11:57 - [MESSAGE][PASSED] - Object 'Object Repository/Page_OrangeHRM/p_Invalid credentials' is visible

2023-08-21 18:11:57 - [TEST_STEP][PASSED] - closeBrowser(): Browser is closed

2023-08-21 18:11:58 - [MESSAGE][PASSED] - Browser is closed]]></system-out>
         <system-err><![CDATA[]]></system-err>
      </testcase>
      <testcase name="Test Cases/Verify the Login of Site-N3" time="13.675" classname="Test Cases/Verify the Login of Site-N3" status="PASSED">
         <system-out><![CDATA[2023-08-21 18:11:58 - [TEST_CASE][PASSED] - Test Cases/Verify the Login of Site-N3: Test Cases/Verify the Login of Site-N3

2023-08-21 18:11:58 - [TEST_STEP][PASSED] - openBrowser(""): Browser is opened with url: ''

2023-08-21 18:11:58 - [MESSAGE][INFO] - Starting 'Chrome' driver

2023-08-21 18:11:58 - [MESSAGE][INFO] - Action delay is set to 0 milliseconds

2023-08-21 18:12:01 - [MESSAGE][PASSED] - Browser is opened with url: ''

2023-08-21 18:12:01 - [TEST_STEP][PASSED] - navigateToUrl(urlLoginPage): Navigate to 'https://opensource-demo.orangehrmlive.com/web/index.php/auth/login' successfully

2023-08-21 18:12:04 - [MESSAGE][PASSED] - Navigate to 'https://opensource-demo.orangehrmlive.com/web/index.php/auth/login' successfully

2023-08-21 18:12:04 - [TEST_STEP][PASSED] - verifyElementPresent(findTestObject("Page_OrangeHRM/inp_Username"), 5): Object 'Object Repository/Page_OrangeHRM/inp_Username' is present

2023-08-21 18:12:05 - [MESSAGE][PASSED] - Object 'Object Repository/Page_OrangeHRM/inp_Username' is present

2023-08-21 18:12:05 - [TEST_STEP][PASSED] - verifyElementVisible(findTestObject("Page_OrangeHRM/inp_Username")): Object 'Object Repository/Page_OrangeHRM/inp_Username' is visible

2023-08-21 18:12:06 - [MESSAGE][PASSED] - Object 'Object Repository/Page_OrangeHRM/inp_Username' is visible

2023-08-21 18:12:06 - [TEST_STEP][PASSED] - verifyElementPresent(findTestObject("Page_OrangeHRM/inp_Password"), 5): Object 'Object Repository/Page_OrangeHRM/inp_Password' is present

2023-08-21 18:12:06 - [MESSAGE][PASSED] - Object 'Object Repository/Page_OrangeHRM/inp_Password' is present

2023-08-21 18:12:06 - [TEST_STEP][PASSED] - verifyElementVisible(findTestObject("Page_OrangeHRM/inp_Password")): Object 'Object Repository/Page_OrangeHRM/inp_Password' is visible

2023-08-21 18:12:07 - [MESSAGE][PASSED] - Object 'Object Repository/Page_OrangeHRM/inp_Password' is visible

2023-08-21 18:12:07 - [TEST_STEP][PASSED] - verifyElementPresent(findTestObject("Page_OrangeHRM/btn_Login"), 5): Object 'Object Repository/Page_OrangeHRM/btn_Login' is present

2023-08-21 18:12:07 - [MESSAGE][PASSED] - Object 'Object Repository/Page_OrangeHRM/btn_Login' is present

2023-08-21 18:12:07 - [TEST_STEP][PASSED] - verifyElementVisible(findTestObject("Page_OrangeHRM/btn_Login")): Object 'Object Repository/Page_OrangeHRM/btn_Login' is visible

2023-08-21 18:12:07 - [MESSAGE][PASSED] - Object 'Object Repository/Page_OrangeHRM/btn_Login' is visible

2023-08-21 18:12:07 - [TEST_STEP][PASSED] - verifyElementClickable(findTestObject("Page_OrangeHRM/btn_Login")): Object 'Object Repository/Page_OrangeHRM/btn_Login' is clickable

2023-08-21 18:12:08 - [MESSAGE][PASSED] - Object 'Object Repository/Page_OrangeHRM/btn_Login' is clickable

2023-08-21 18:12:08 - [TEST_STEP][PASSED] - setText(findTestObject("Object Repository/Page_OrangeHRM/inp_Username"), username_invalid): Text 'admin123456' is set on object 'Object Repository/Page_OrangeHRM/inp_Username'

2023-08-21 18:12:08 - [MESSAGE][PASSED] - Text 'admin123456' is set on object 'Object Repository/Page_OrangeHRM/inp_Username'

2023-08-21 18:12:08 - [TEST_STEP][PASSED] - setText(findTestObject("Page_OrangeHRM/inp_Password"), password_invalid): Text 'admin123456' is set on object 'Object Repository/Page_OrangeHRM/inp_Password'

2023-08-21 18:12:09 - [MESSAGE][PASSED] - Text 'admin123456' is set on object 'Object Repository/Page_OrangeHRM/inp_Password'

2023-08-21 18:12:09 - [TEST_STEP][PASSED] - click(findTestObject("Object Repository/Page_OrangeHRM/btn_Login")): Object: 'Object Repository/Page_OrangeHRM/btn_Login' is clicked on

2023-08-21 18:12:10 - [MESSAGE][PASSED] - Object: 'Object Repository/Page_OrangeHRM/btn_Login' is clicked on

2023-08-21 18:12:10 - [TEST_STEP][PASSED] - try: Object 'Object Repository/Page_OrangeHRM/p_Invalid credentials' is visible

2023-08-21 18:12:10 - [TEST_STEP][PASSED] - element = verifyElementVisible(findTestObject("Object Repository/Page_OrangeHRM/p_Invalid credentials")): Object 'Object Repository/Page_OrangeHRM/p_Invalid credentials' is visible

2023-08-21 18:12:11 - [MESSAGE][PASSED] - Object 'Object Repository/Page_OrangeHRM/p_Invalid credentials' is visible

2023-08-21 18:12:11 - [TEST_STEP][PASSED] - closeBrowser(): Browser is closed

2023-08-21 18:12:12 - [MESSAGE][PASSED] - Browser is closed]]></system-out>
         <system-err><![CDATA[]]></system-err>
      </testcase>
      <testcase name="Test Cases/Verify the Login of Site-P" time="42.767" classname="Test Cases/Verify the Login of Site-P" status="PASSED">
         <system-out><![CDATA[2023-08-21 18:12:12 - [TEST_CASE][PASSED] - Test Cases/Verify the Login of Site-P: Test Cases/Verify the Login of Site-P

2023-08-21 18:12:12 - [TEST_STEP][PASSED] - openBrowser(""): Browser is opened with url: ''

2023-08-21 18:12:12 - [MESSAGE][INFO] - Starting 'Chrome' driver

2023-08-21 18:12:12 - [MESSAGE][INFO] - Action delay is set to 0 milliseconds

2023-08-21 18:12:14 - [MESSAGE][PASSED] - Browser is opened with url: ''

2023-08-21 18:12:14 - [TEST_STEP][PASSED] - navigateToUrl(urlLoginPage): Navigate to 'https://opensource-demo.orangehrmlive.com/web/index.php/auth/login' successfully

2023-08-21 18:12:17 - [MESSAGE][PASSED] - Navigate to 'https://opensource-demo.orangehrmlive.com/web/index.php/auth/login' successfully

2023-08-21 18:12:17 - [TEST_STEP][PASSED] - verifyElementPresent(findTestObject("Page_OrangeHRM/inp_Username"), 5): Object 'Object Repository/Page_OrangeHRM/inp_Username' is present

2023-08-21 18:12:18 - [MESSAGE][PASSED] - Object 'Object Repository/Page_OrangeHRM/inp_Username' is present

2023-08-21 18:12:18 - [TEST_STEP][PASSED] - verifyElementVisible(findTestObject("Page_OrangeHRM/inp_Username")): Object 'Object Repository/Page_OrangeHRM/inp_Username' is visible

2023-08-21 18:12:19 - [MESSAGE][PASSED] - Object 'Object Repository/Page_OrangeHRM/inp_Username' is visible

2023-08-21 18:12:19 - [TEST_STEP][PASSED] - verifyElementPresent(findTestObject("Page_OrangeHRM/inp_Password"), 5): Object 'Object Repository/Page_OrangeHRM/inp_Password' is present

2023-08-21 18:12:19 - [MESSAGE][PASSED] - Object 'Object Repository/Page_OrangeHRM/inp_Password' is present

2023-08-21 18:12:19 - [TEST_STEP][PASSED] - verifyElementVisible(findTestObject("Page_OrangeHRM/inp_Password")): Object 'Object Repository/Page_OrangeHRM/inp_Password' is visible

2023-08-21 18:12:19 - [MESSAGE][PASSED] - Object 'Object Repository/Page_OrangeHRM/inp_Password' is visible

2023-08-21 18:12:19 - [TEST_STEP][PASSED] - verifyElementPresent(findTestObject("Page_OrangeHRM/btn_Login"), 5): Object 'Object Repository/Page_OrangeHRM/btn_Login' is present

2023-08-21 18:12:20 - [MESSAGE][PASSED] - Object 'Object Repository/Page_OrangeHRM/btn_Login' is present

2023-08-21 18:12:20 - [TEST_STEP][PASSED] - verifyElementVisible(findTestObject("Page_OrangeHRM/btn_Login")): Object 'Object Repository/Page_OrangeHRM/btn_Login' is visible

2023-08-21 18:12:20 - [MESSAGE][PASSED] - Object 'Object Repository/Page_OrangeHRM/btn_Login' is visible

2023-08-21 18:12:20 - [TEST_STEP][PASSED] - verifyElementClickable(findTestObject("Page_OrangeHRM/btn_Login")): Object 'Object Repository/Page_OrangeHRM/btn_Login' is clickable

2023-08-21 18:12:21 - [MESSAGE][PASSED] - Object 'Object Repository/Page_OrangeHRM/btn_Login' is clickable

2023-08-21 18:12:21 - [TEST_STEP][PASSED] - setText(findTestObject("Object Repository/Page_OrangeHRM/inp_Username"), username_valid): Text 'Admin' is set on object 'Object Repository/Page_OrangeHRM/inp_Username'

2023-08-21 18:12:21 - [MESSAGE][PASSED] - Text 'Admin' is set on object 'Object Repository/Page_OrangeHRM/inp_Username'

2023-08-21 18:12:21 - [TEST_STEP][PASSED] - setEncryptedText(findTestObject("Page_OrangeHRM/inp_Password"), password_valid): Text ****** has been set on object 'Object Repository/Page_OrangeHRM/inp_Password'

2023-08-21 18:12:22 - [MESSAGE][PASSED] - Text ****** has been set on object 'Object Repository/Page_OrangeHRM/inp_Password'

2023-08-21 18:12:22 - [TEST_STEP][PASSED] - click(findTestObject("Object Repository/Page_OrangeHRM/btn_Login")): Object: 'Object Repository/Page_OrangeHRM/btn_Login' is clicked on

2023-08-21 18:12:22 - [MESSAGE][PASSED] - Object: 'Object Repository/Page_OrangeHRM/btn_Login' is clicked on

2023-08-21 18:12:22 - [TEST_STEP][PASSED] - try: Object 'Object Repository/Page_OrangeHRM/p_Invalid credentials' is visible

2023-08-21 18:12:22 - [TEST_STEP][PASSED] - element = verifyElementVisible(findTestObject("Object Repository/Page_OrangeHRM/p_Invalid credentials")): Object 'Object Repository/Page_OrangeHRM/p_Invalid credentials' is visible

2023-08-21 18:12:53 - [MESSAGE][INFO] - Unable to find the element located by 'By.xpath: //p[(text() = 'Invalid credentials' or . = 'Invalid credentials')]'. Please recheck the objects properties to make sure the desired element is located. 

2023-08-21 18:12:53 - [MESSAGE][WARNING] - [SELF-HEALING] Failed to find element with id 'Object Repository/Page_OrangeHRM/p_Invalid credentials'. Try using Self-healing.

2023-08-21 18:12:54 - [MESSAGE][WARNING] - [SELF-HEALING] The current locator of test object 'Object Repository/Page_OrangeHRM/p_Invalid credentials' was broken. Propose an alternative one: '//p'.

2023-08-21 18:12:54 - [MESSAGE][PASSED] - Object 'Object Repository/Page_OrangeHRM/p_Invalid credentials' is visible

2023-08-21 18:12:54 - [TEST_STEP][PASSED] - closeBrowser(): Browser is closed

2023-08-21 18:12:55 - [MESSAGE][PASSED] - Browser is closed]]></system-out>
         <system-err><![CDATA[]]></system-err>
      </testcase>
      <system-out><![CDATA[2023-08-21 18:11:24 - [TEST_SUITE][PASSED] - Verify the Login of Site: Test Cases/Verify the Login of Site-P]]></system-out>
      <system-err><![CDATA[]]></system-err>
   </testsuite>
</testsuites>
