<?xml version="1.0" encoding="UTF-8"?>
<testsuites name="Verify the Login of Site" time="114.99" tests="4" failures="0" errors="0">
   <testsuite name="Verify the Login of Site" tests="4" failures="0" errors="0" time="114.99" skipped="0" timestamp="2023-08-21 18:03:09" hostname="ekarayel - BD115216NEBS.clkenerji.local" id="Test Suites/Verify the Login of Site">
      <properties>
         <property name="deviceName" value=""/>
         <property name="devicePlatform" value=""/>
         <property name="logFolder" value="C:\\Users\\ekarayel\\git\\KatalonRep1\\Reports\\20230821_180301\\Verify the Login of Site\\20230821_180302"/>
         <property name="logFiles" value="C:\\Users\\ekarayel\\git\\KatalonRep1\\Reports\\20230821_180301\\Verify the Login of Site\\20230821_180302\\execution0.log"/>
         <property name="attachments" value=""/>
         <property name="hostName" value="ekarayel - BD115216NEBS.clkenerji.local"/>
         <property name="os" value="Windows 10 64bit"/>
         <property name="katalonVersion" value="8.6.6.208"/>
         <property name="browser" value="Chrome 115.0.0.0"/>
         <property name="hostAddress" value="192.168.1.164"/>
         <property name="sessionId" value="bdd40d6fba28d5125f4ca329eeeec316"/>
         <property name="seleniumVersion" value="3.141.59"/>
         <property name="proxyInformation" value="ProxyInformation { proxyOption=NO_PROXY, proxyServerType=HTTP, username=, password=********, proxyServerAddress=, proxyServerPort=0, executionList=&quot;&quot;, isApplyToDesiredCapabilities=true }"/>
         <property name="platform" value="Windows 10"/>
      </properties>
      <testcase name="Test Cases/Verify the Login of Site-N1" time="21.67" classname="Test Cases/Verify the Login of Site-N1" status="PASSED">
         <system-out><![CDATA[2023-08-21 18:03:09 - [TEST_CASE][PASSED] - Test Cases/Verify the Login of Site-N1: Test Cases/Verify the Login of Site-N1

2023-08-21 18:03:10 - [TEST_STEP][PASSED] - openBrowser(""): Browser is opened with url: ''

2023-08-21 18:03:10 - [MESSAGE][INFO] - Starting 'Chrome' driver

2023-08-21 18:03:11 - [MESSAGE][INFO] - Action delay is set to 0 milliseconds

2023-08-21 18:03:13 - [MESSAGE][PASSED] - Browser is opened with url: ''

2023-08-21 18:03:13 - [TEST_STEP][PASSED] - navigateToUrl(urlLoginPage): Navigate to 'https://opensource-demo.orangehrmlive.com/web/index.php/auth/login' successfully

2023-08-21 18:03:24 - [MESSAGE][PASSED] - Navigate to 'https://opensource-demo.orangehrmlive.com/web/index.php/auth/login' successfully

2023-08-21 18:03:24 - [TEST_STEP][PASSED] - verifyElementPresent(findTestObject("Page_OrangeHRM/inp_Username"), 5): Object 'Object Repository/Page_OrangeHRM/inp_Username' is present

2023-08-21 18:03:25 - [MESSAGE][PASSED] - Object 'Object Repository/Page_OrangeHRM/inp_Username' is present

2023-08-21 18:03:25 - [TEST_STEP][PASSED] - verifyElementVisible(findTestObject("Page_OrangeHRM/inp_Username")): Object 'Object Repository/Page_OrangeHRM/inp_Username' is visible

2023-08-21 18:03:25 - [MESSAGE][PASSED] - Object 'Object Repository/Page_OrangeHRM/inp_Username' is visible

2023-08-21 18:03:25 - [TEST_STEP][PASSED] - verifyElementPresent(findTestObject("Page_OrangeHRM/inp_Password"), 5): Object 'Object Repository/Page_OrangeHRM/inp_Password' is present

2023-08-21 18:03:25 - [MESSAGE][PASSED] - Object 'Object Repository/Page_OrangeHRM/inp_Password' is present

2023-08-21 18:03:25 - [TEST_STEP][PASSED] - verifyElementVisible(findTestObject("Page_OrangeHRM/inp_Password")): Object 'Object Repository/Page_OrangeHRM/inp_Password' is visible

2023-08-21 18:03:26 - [MESSAGE][PASSED] - Object 'Object Repository/Page_OrangeHRM/inp_Password' is visible

2023-08-21 18:03:26 - [TEST_STEP][PASSED] - verifyElementPresent(findTestObject("Page_OrangeHRM/btn_Login"), 5): Object 'Object Repository/Page_OrangeHRM/btn_Login' is present

2023-08-21 18:03:26 - [MESSAGE][PASSED] - Object 'Object Repository/Page_OrangeHRM/btn_Login' is present

2023-08-21 18:03:26 - [TEST_STEP][PASSED] - verifyElementVisible(findTestObject("Page_OrangeHRM/btn_Login")): Object 'Object Repository/Page_OrangeHRM/btn_Login' is visible

2023-08-21 18:03:26 - [MESSAGE][PASSED] - Object 'Object Repository/Page_OrangeHRM/btn_Login' is visible

2023-08-21 18:03:26 - [TEST_STEP][PASSED] - verifyElementClickable(findTestObject("Page_OrangeHRM/btn_Login")): Object 'Object Repository/Page_OrangeHRM/btn_Login' is clickable

2023-08-21 18:03:27 - [MESSAGE][PASSED] - Object 'Object Repository/Page_OrangeHRM/btn_Login' is clickable

2023-08-21 18:03:27 - [TEST_STEP][PASSED] - setText(findTestObject("Object Repository/Page_OrangeHRM/inp_Username"), username_valid): Text 'Admin' is set on object 'Object Repository/Page_OrangeHRM/inp_Username'

2023-08-21 18:03:28 - [MESSAGE][PASSED] - Text 'Admin' is set on object 'Object Repository/Page_OrangeHRM/inp_Username'

2023-08-21 18:03:28 - [TEST_STEP][PASSED] - setText(findTestObject("Page_OrangeHRM/inp_Password"), password_invalid): Text 'admin123456' is set on object 'Object Repository/Page_OrangeHRM/inp_Password'

2023-08-21 18:03:28 - [MESSAGE][PASSED] - Text 'admin123456' is set on object 'Object Repository/Page_OrangeHRM/inp_Password'

2023-08-21 18:03:28 - [TEST_STEP][PASSED] - click(findTestObject("Object Repository/Page_OrangeHRM/btn_Login")): Object: 'Object Repository/Page_OrangeHRM/btn_Login' is clicked on

2023-08-21 18:03:29 - [MESSAGE][PASSED] - Object: 'Object Repository/Page_OrangeHRM/btn_Login' is clicked on

2023-08-21 18:03:29 - [TEST_STEP][PASSED] - try: Object 'Object Repository/Page_OrangeHRM/p_Invalid credentials' is visible

2023-08-21 18:03:29 - [TEST_STEP][PASSED] - element = verifyElementVisible(findTestObject("Object Repository/Page_OrangeHRM/p_Invalid credentials")): Object 'Object Repository/Page_OrangeHRM/p_Invalid credentials' is visible

2023-08-21 18:03:30 - [MESSAGE][PASSED] - Object 'Object Repository/Page_OrangeHRM/p_Invalid credentials' is visible

2023-08-21 18:03:30 - [TEST_STEP][PASSED] - closeBrowser(): Browser is closed

2023-08-21 18:03:31 - [MESSAGE][PASSED] - Browser is closed]]></system-out>
         <system-err><![CDATA[]]></system-err>
      </testcase>
      <testcase name="Test Cases/Verify the Login of Site-N2" time="17.085" classname="Test Cases/Verify the Login of Site-N2" status="PASSED">
         <system-out><![CDATA[2023-08-21 18:03:31 - [TEST_CASE][PASSED] - Test Cases/Verify the Login of Site-N2: Test Cases/Verify the Login of Site-N2

2023-08-21 18:03:31 - [TEST_STEP][PASSED] - openBrowser(""): Browser is opened with url: ''

2023-08-21 18:03:31 - [MESSAGE][INFO] - Starting 'Chrome' driver

2023-08-21 18:03:31 - [MESSAGE][INFO] - Action delay is set to 0 milliseconds

2023-08-21 18:03:33 - [MESSAGE][PASSED] - Browser is opened with url: ''

2023-08-21 18:03:33 - [TEST_STEP][PASSED] - navigateToUrl(urlLoginPage): Navigate to 'https://opensource-demo.orangehrmlive.com/web/index.php/auth/login' successfully

2023-08-21 18:03:41 - [MESSAGE][PASSED] - Navigate to 'https://opensource-demo.orangehrmlive.com/web/index.php/auth/login' successfully

2023-08-21 18:03:41 - [TEST_STEP][PASSED] - verifyElementPresent(findTestObject("Page_OrangeHRM/inp_Username"), 5): Object 'Object Repository/Page_OrangeHRM/inp_Username' is present

2023-08-21 18:03:42 - [MESSAGE][PASSED] - Object 'Object Repository/Page_OrangeHRM/inp_Username' is present

2023-08-21 18:03:42 - [TEST_STEP][PASSED] - verifyElementVisible(findTestObject("Page_OrangeHRM/inp_Username")): Object 'Object Repository/Page_OrangeHRM/inp_Username' is visible

2023-08-21 18:03:43 - [MESSAGE][PASSED] - Object 'Object Repository/Page_OrangeHRM/inp_Username' is visible

2023-08-21 18:03:43 - [TEST_STEP][PASSED] - verifyElementPresent(findTestObject("Page_OrangeHRM/inp_Password"), 5): Object 'Object Repository/Page_OrangeHRM/inp_Password' is present

2023-08-21 18:03:43 - [MESSAGE][PASSED] - Object 'Object Repository/Page_OrangeHRM/inp_Password' is present

2023-08-21 18:03:43 - [TEST_STEP][PASSED] - verifyElementVisible(findTestObject("Page_OrangeHRM/inp_Password")): Object 'Object Repository/Page_OrangeHRM/inp_Password' is visible

2023-08-21 18:03:43 - [MESSAGE][PASSED] - Object 'Object Repository/Page_OrangeHRM/inp_Password' is visible

2023-08-21 18:03:43 - [TEST_STEP][PASSED] - verifyElementPresent(findTestObject("Page_OrangeHRM/btn_Login"), 5): Object 'Object Repository/Page_OrangeHRM/btn_Login' is present

2023-08-21 18:03:44 - [MESSAGE][PASSED] - Object 'Object Repository/Page_OrangeHRM/btn_Login' is present

2023-08-21 18:03:44 - [TEST_STEP][PASSED] - verifyElementVisible(findTestObject("Page_OrangeHRM/btn_Login")): Object 'Object Repository/Page_OrangeHRM/btn_Login' is visible

2023-08-21 18:03:44 - [MESSAGE][PASSED] - Object 'Object Repository/Page_OrangeHRM/btn_Login' is visible

2023-08-21 18:03:44 - [TEST_STEP][PASSED] - verifyElementClickable(findTestObject("Page_OrangeHRM/btn_Login")): Object 'Object Repository/Page_OrangeHRM/btn_Login' is clickable

2023-08-21 18:03:44 - [MESSAGE][PASSED] - Object 'Object Repository/Page_OrangeHRM/btn_Login' is clickable

2023-08-21 18:03:44 - [TEST_STEP][PASSED] - setText(findTestObject("Object Repository/Page_OrangeHRM/inp_Username"), username_invalid): Text 'admin123456' is set on object 'Object Repository/Page_OrangeHRM/inp_Username'

2023-08-21 18:03:45 - [MESSAGE][PASSED] - Text 'admin123456' is set on object 'Object Repository/Page_OrangeHRM/inp_Username'

2023-08-21 18:03:45 - [TEST_STEP][PASSED] - setText(findTestObject("Page_OrangeHRM/inp_Password"), password_valid): Text 'hUKwJTbofgPU9eVlw/CnDQ==' is set on object 'Object Repository/Page_OrangeHRM/inp_Password'

2023-08-21 18:03:46 - [MESSAGE][PASSED] - Text 'hUKwJTbofgPU9eVlw/CnDQ==' is set on object 'Object Repository/Page_OrangeHRM/inp_Password'

2023-08-21 18:03:46 - [TEST_STEP][PASSED] - click(findTestObject("Object Repository/Page_OrangeHRM/btn_Login")): Object: 'Object Repository/Page_OrangeHRM/btn_Login' is clicked on

2023-08-21 18:03:46 - [MESSAGE][PASSED] - Object: 'Object Repository/Page_OrangeHRM/btn_Login' is clicked on

2023-08-21 18:03:46 - [TEST_STEP][PASSED] - try: Object 'Object Repository/Page_OrangeHRM/p_Invalid credentials' is visible

2023-08-21 18:03:46 - [TEST_STEP][PASSED] - element = verifyElementVisible(findTestObject("Object Repository/Page_OrangeHRM/p_Invalid credentials")): Object 'Object Repository/Page_OrangeHRM/p_Invalid credentials' is visible

2023-08-21 18:03:47 - [MESSAGE][PASSED] - Object 'Object Repository/Page_OrangeHRM/p_Invalid credentials' is visible

2023-08-21 18:03:47 - [TEST_STEP][PASSED] - closeBrowser(): Browser is closed

2023-08-21 18:03:48 - [MESSAGE][PASSED] - Browser is closed]]></system-out>
         <system-err><![CDATA[]]></system-err>
      </testcase>
      <testcase name="Test Cases/Verify the Login of Site-N3" time="23.6" classname="Test Cases/Verify the Login of Site-N3" status="PASSED">
         <system-out><![CDATA[2023-08-21 18:03:48 - [TEST_CASE][PASSED] - Test Cases/Verify the Login of Site-N3: Test Cases/Verify the Login of Site-N3

2023-08-21 18:03:48 - [TEST_STEP][PASSED] - openBrowser(""): Browser is opened with url: ''

2023-08-21 18:03:48 - [MESSAGE][INFO] - Starting 'Chrome' driver

2023-08-21 18:03:48 - [MESSAGE][INFO] - Action delay is set to 0 milliseconds

2023-08-21 18:03:50 - [MESSAGE][PASSED] - Browser is opened with url: ''

2023-08-21 18:03:50 - [TEST_STEP][PASSED] - navigateToUrl(urlLoginPage): Navigate to 'https://opensource-demo.orangehrmlive.com/web/index.php/auth/login' successfully

2023-08-21 18:04:05 - [MESSAGE][PASSED] - Navigate to 'https://opensource-demo.orangehrmlive.com/web/index.php/auth/login' successfully

2023-08-21 18:04:05 - [TEST_STEP][PASSED] - verifyElementPresent(findTestObject("Page_OrangeHRM/inp_Username"), 5): Object 'Object Repository/Page_OrangeHRM/inp_Username' is present

2023-08-21 18:04:06 - [MESSAGE][PASSED] - Object 'Object Repository/Page_OrangeHRM/inp_Username' is present

2023-08-21 18:04:06 - [TEST_STEP][PASSED] - verifyElementVisible(findTestObject("Page_OrangeHRM/inp_Username")): Object 'Object Repository/Page_OrangeHRM/inp_Username' is visible

2023-08-21 18:04:06 - [MESSAGE][PASSED] - Object 'Object Repository/Page_OrangeHRM/inp_Username' is visible

2023-08-21 18:04:06 - [TEST_STEP][PASSED] - verifyElementPresent(findTestObject("Page_OrangeHRM/inp_Password"), 5): Object 'Object Repository/Page_OrangeHRM/inp_Password' is present

2023-08-21 18:04:06 - [MESSAGE][PASSED] - Object 'Object Repository/Page_OrangeHRM/inp_Password' is present

2023-08-21 18:04:06 - [TEST_STEP][PASSED] - verifyElementVisible(findTestObject("Page_OrangeHRM/inp_Password")): Object 'Object Repository/Page_OrangeHRM/inp_Password' is visible

2023-08-21 18:04:07 - [MESSAGE][PASSED] - Object 'Object Repository/Page_OrangeHRM/inp_Password' is visible

2023-08-21 18:04:07 - [TEST_STEP][PASSED] - verifyElementPresent(findTestObject("Page_OrangeHRM/btn_Login"), 5): Object 'Object Repository/Page_OrangeHRM/btn_Login' is present

2023-08-21 18:04:07 - [MESSAGE][PASSED] - Object 'Object Repository/Page_OrangeHRM/btn_Login' is present

2023-08-21 18:04:07 - [TEST_STEP][PASSED] - verifyElementVisible(findTestObject("Page_OrangeHRM/btn_Login")): Object 'Object Repository/Page_OrangeHRM/btn_Login' is visible

2023-08-21 18:04:08 - [MESSAGE][PASSED] - Object 'Object Repository/Page_OrangeHRM/btn_Login' is visible

2023-08-21 18:04:08 - [TEST_STEP][PASSED] - verifyElementClickable(findTestObject("Page_OrangeHRM/btn_Login")): Object 'Object Repository/Page_OrangeHRM/btn_Login' is clickable

2023-08-21 18:04:08 - [MESSAGE][PASSED] - Object 'Object Repository/Page_OrangeHRM/btn_Login' is clickable

2023-08-21 18:04:08 - [TEST_STEP][PASSED] - setText(findTestObject("Object Repository/Page_OrangeHRM/inp_Username"), username_invalid): Text 'admin123456' is set on object 'Object Repository/Page_OrangeHRM/inp_Username'

2023-08-21 18:04:09 - [MESSAGE][PASSED] - Text 'admin123456' is set on object 'Object Repository/Page_OrangeHRM/inp_Username'

2023-08-21 18:04:09 - [TEST_STEP][PASSED] - setText(findTestObject("Page_OrangeHRM/inp_Password"), password_invalid): Text 'admin123456' is set on object 'Object Repository/Page_OrangeHRM/inp_Password'

2023-08-21 18:04:09 - [MESSAGE][PASSED] - Text 'admin123456' is set on object 'Object Repository/Page_OrangeHRM/inp_Password'

2023-08-21 18:04:09 - [TEST_STEP][PASSED] - click(findTestObject("Object Repository/Page_OrangeHRM/btn_Login")): Object: 'Object Repository/Page_OrangeHRM/btn_Login' is clicked on

2023-08-21 18:04:10 - [MESSAGE][PASSED] - Object: 'Object Repository/Page_OrangeHRM/btn_Login' is clicked on

2023-08-21 18:04:10 - [TEST_STEP][PASSED] - try: Object 'Object Repository/Page_OrangeHRM/p_Invalid credentials' is visible

2023-08-21 18:04:10 - [TEST_STEP][PASSED] - element = verifyElementVisible(findTestObject("Object Repository/Page_OrangeHRM/p_Invalid credentials")): Object 'Object Repository/Page_OrangeHRM/p_Invalid credentials' is visible

2023-08-21 18:04:11 - [MESSAGE][PASSED] - Object 'Object Repository/Page_OrangeHRM/p_Invalid credentials' is visible

2023-08-21 18:04:11 - [TEST_STEP][PASSED] - closeBrowser(): Browser is closed

2023-08-21 18:04:12 - [MESSAGE][PASSED] - Browser is closed]]></system-out>
         <system-err><![CDATA[]]></system-err>
      </testcase>
      <testcase name="Test Cases/Verify the Login of Site-P" time="52.083" classname="Test Cases/Verify the Login of Site-P" status="PASSED">
         <system-out><![CDATA[2023-08-21 18:04:12 - [TEST_CASE][PASSED] - Test Cases/Verify the Login of Site-P: Test Cases/Verify the Login of Site-P

2023-08-21 18:04:12 - [TEST_STEP][PASSED] - openBrowser(""): Browser is opened with url: ''

2023-08-21 18:04:12 - [MESSAGE][INFO] - Starting 'Chrome' driver

2023-08-21 18:04:12 - [MESSAGE][INFO] - Action delay is set to 0 milliseconds

2023-08-21 18:04:14 - [MESSAGE][PASSED] - Browser is opened with url: ''

2023-08-21 18:04:14 - [TEST_STEP][PASSED] - navigateToUrl(urlLoginPage): Navigate to 'https://opensource-demo.orangehrmlive.com/web/index.php/auth/login' successfully

2023-08-21 18:04:27 - [MESSAGE][PASSED] - Navigate to 'https://opensource-demo.orangehrmlive.com/web/index.php/auth/login' successfully

2023-08-21 18:04:27 - [TEST_STEP][PASSED] - verifyElementPresent(findTestObject("Page_OrangeHRM/inp_Username"), 5): Object 'Object Repository/Page_OrangeHRM/inp_Username' is present

2023-08-21 18:04:28 - [MESSAGE][PASSED] - Object 'Object Repository/Page_OrangeHRM/inp_Username' is present

2023-08-21 18:04:28 - [TEST_STEP][PASSED] - verifyElementVisible(findTestObject("Page_OrangeHRM/inp_Username")): Object 'Object Repository/Page_OrangeHRM/inp_Username' is visible

2023-08-21 18:04:28 - [MESSAGE][PASSED] - Object 'Object Repository/Page_OrangeHRM/inp_Username' is visible

2023-08-21 18:04:28 - [TEST_STEP][PASSED] - verifyElementPresent(findTestObject("Page_OrangeHRM/inp_Password"), 5): Object 'Object Repository/Page_OrangeHRM/inp_Password' is present

2023-08-21 18:04:29 - [MESSAGE][PASSED] - Object 'Object Repository/Page_OrangeHRM/inp_Password' is present

2023-08-21 18:04:29 - [TEST_STEP][PASSED] - verifyElementVisible(findTestObject("Page_OrangeHRM/inp_Password")): Object 'Object Repository/Page_OrangeHRM/inp_Password' is visible

2023-08-21 18:04:29 - [MESSAGE][PASSED] - Object 'Object Repository/Page_OrangeHRM/inp_Password' is visible

2023-08-21 18:04:29 - [TEST_STEP][PASSED] - verifyElementPresent(findTestObject("Page_OrangeHRM/btn_Login"), 5): Object 'Object Repository/Page_OrangeHRM/btn_Login' is present

2023-08-21 18:04:29 - [MESSAGE][PASSED] - Object 'Object Repository/Page_OrangeHRM/btn_Login' is present

2023-08-21 18:04:29 - [TEST_STEP][PASSED] - verifyElementVisible(findTestObject("Page_OrangeHRM/btn_Login")): Object 'Object Repository/Page_OrangeHRM/btn_Login' is visible

2023-08-21 18:04:30 - [MESSAGE][PASSED] - Object 'Object Repository/Page_OrangeHRM/btn_Login' is visible

2023-08-21 18:04:30 - [TEST_STEP][PASSED] - verifyElementClickable(findTestObject("Page_OrangeHRM/btn_Login")): Object 'Object Repository/Page_OrangeHRM/btn_Login' is clickable

2023-08-21 18:04:30 - [MESSAGE][PASSED] - Object 'Object Repository/Page_OrangeHRM/btn_Login' is clickable

2023-08-21 18:04:30 - [TEST_STEP][PASSED] - setText(findTestObject("Object Repository/Page_OrangeHRM/inp_Username"), username_valid): Text 'Admin' is set on object 'Object Repository/Page_OrangeHRM/inp_Username'

2023-08-21 18:04:31 - [MESSAGE][PASSED] - Text 'Admin' is set on object 'Object Repository/Page_OrangeHRM/inp_Username'

2023-08-21 18:04:31 - [TEST_STEP][PASSED] - setEncryptedText(findTestObject("Page_OrangeHRM/inp_Password"), password_valid): Text ****** has been set on object 'Object Repository/Page_OrangeHRM/inp_Password'

2023-08-21 18:04:31 - [MESSAGE][PASSED] - Text ****** has been set on object 'Object Repository/Page_OrangeHRM/inp_Password'

2023-08-21 18:04:31 - [TEST_STEP][PASSED] - click(findTestObject("Object Repository/Page_OrangeHRM/btn_Login")): Object: 'Object Repository/Page_OrangeHRM/btn_Login' is clicked on

2023-08-21 18:04:32 - [MESSAGE][PASSED] - Object: 'Object Repository/Page_OrangeHRM/btn_Login' is clicked on

2023-08-21 18:04:32 - [TEST_STEP][PASSED] - try: Object 'Object Repository/Page_OrangeHRM/p_Invalid credentials' is visible

2023-08-21 18:04:32 - [TEST_STEP][PASSED] - element = verifyElementVisible(findTestObject("Object Repository/Page_OrangeHRM/p_Invalid credentials")): Object 'Object Repository/Page_OrangeHRM/p_Invalid credentials' is visible

2023-08-21 18:05:03 - [MESSAGE][INFO] - Unable to find the element located by 'By.xpath: //p[(text() = 'Invalid credentials' or . = 'Invalid credentials')]'. Please recheck the objects properties to make sure the desired element is located. 

2023-08-21 18:05:03 - [MESSAGE][WARNING] - [SELF-HEALING] Failed to find element with id 'Object Repository/Page_OrangeHRM/p_Invalid credentials'. Try using Self-healing.

2023-08-21 18:05:03 - [MESSAGE][WARNING] - [SELF-HEALING] The current locator of test object 'Object Repository/Page_OrangeHRM/p_Invalid credentials' was broken. Propose an alternative one: '//p'.

2023-08-21 18:05:03 - [MESSAGE][PASSED] - Object 'Object Repository/Page_OrangeHRM/p_Invalid credentials' is visible

2023-08-21 18:05:03 - [TEST_STEP][PASSED] - closeBrowser(): Browser is closed

2023-08-21 18:05:04 - [MESSAGE][PASSED] - Browser is closed]]></system-out>
         <system-err><![CDATA[]]></system-err>
      </testcase>
      <system-out><![CDATA[2023-08-21 18:03:09 - [TEST_SUITE][PASSED] - Verify the Login of Site: Test Cases/Verify the Login of Site-P]]></system-out>
      <system-err><![CDATA[]]></system-err>
   </testsuite>
</testsuites>
