<?xml version="1.0" encoding="UTF-8"?>
<testsuites name="Verify the Login of Site" time="84.846" tests="4" failures="0" errors="0">
   <testsuite name="Verify the Login of Site" tests="4" failures="0" errors="0" time="84.846" skipped="0" timestamp="2023-08-21 17:57:06" hostname="ekarayel - BD115216NEBS.clkenerji.local" id="Test Suites/Verify the Login of Site">
      <properties>
         <property name="deviceName" value=""/>
         <property name="devicePlatform" value=""/>
         <property name="logFolder" value="C:\\Users\\ekarayel\\git\\KatalonRep1\\Reports\\20230821_175704\\Verify the Login of Site\\20230821_175704"/>
         <property name="logFiles" value="C:\\Users\\ekarayel\\git\\KatalonRep1\\Reports\\20230821_175704\\Verify the Login of Site\\20230821_175704\\execution0.log"/>
         <property name="attachments" value=""/>
         <property name="hostName" value="ekarayel - BD115216NEBS.clkenerji.local"/>
         <property name="os" value="Windows 10 64bit"/>
         <property name="katalonVersion" value="8.6.6.208"/>
         <property name="browser" value="Chrome 115.0.0.0"/>
         <property name="hostAddress" value="192.168.1.164"/>
         <property name="sessionId" value="b3db4283c378397d6030bbd409366797"/>
         <property name="seleniumVersion" value="3.141.59"/>
         <property name="proxyInformation" value="ProxyInformation { proxyOption=NO_PROXY, proxyServerType=HTTP, username=, password=********, proxyServerAddress=, proxyServerPort=0, executionList=&quot;&quot;, isApplyToDesiredCapabilities=true }"/>
         <property name="platform" value="Windows 10"/>
      </properties>
      <testcase name="Test Cases/Verify the Login of Site-N1" time="15.717" classname="Test Cases/Verify the Login of Site-N1" status="PASSED">
         <system-out><![CDATA[2023-08-21 17:57:07 - [TEST_CASE][PASSED] - Test Cases/Verify the Login of Site-N1: Test Cases/Verify the Login of Site-N1

2023-08-21 17:57:07 - [TEST_STEP][PASSED] - openBrowser(""): Browser is opened with url: ''

2023-08-21 17:57:07 - [MESSAGE][INFO] - Starting 'Chrome' driver

2023-08-21 17:57:07 - [MESSAGE][INFO] - Action delay is set to 0 milliseconds

2023-08-21 17:57:09 - [MESSAGE][PASSED] - Browser is opened with url: ''

2023-08-21 17:57:09 - [TEST_STEP][PASSED] - navigateToUrl(urlLoginPage): Navigate to 'https://opensource-demo.orangehrmlive.com/web/index.php/auth/login' successfully

2023-08-21 17:57:15 - [MESSAGE][PASSED] - Navigate to 'https://opensource-demo.orangehrmlive.com/web/index.php/auth/login' successfully

2023-08-21 17:57:15 - [TEST_STEP][PASSED] - verifyElementPresent(findTestObject("Page_OrangeHRM/inp_Username"), 5): Object 'Object Repository/Page_OrangeHRM/inp_Username' is present

2023-08-21 17:57:16 - [MESSAGE][PASSED] - Object 'Object Repository/Page_OrangeHRM/inp_Username' is present

2023-08-21 17:57:16 - [TEST_STEP][PASSED] - verifyElementVisible(findTestObject("Page_OrangeHRM/inp_Username")): Object 'Object Repository/Page_OrangeHRM/inp_Username' is visible

2023-08-21 17:57:16 - [MESSAGE][PASSED] - Object 'Object Repository/Page_OrangeHRM/inp_Username' is visible

2023-08-21 17:57:16 - [TEST_STEP][PASSED] - verifyElementPresent(findTestObject("Page_OrangeHRM/inp_Password"), 5): Object 'Object Repository/Page_OrangeHRM/inp_Password' is present

2023-08-21 17:57:16 - [MESSAGE][PASSED] - Object 'Object Repository/Page_OrangeHRM/inp_Password' is present

2023-08-21 17:57:16 - [TEST_STEP][PASSED] - verifyElementVisible(findTestObject("Page_OrangeHRM/inp_Password")): Object 'Object Repository/Page_OrangeHRM/inp_Password' is visible

2023-08-21 17:57:17 - [MESSAGE][PASSED] - Object 'Object Repository/Page_OrangeHRM/inp_Password' is visible

2023-08-21 17:57:17 - [TEST_STEP][PASSED] - verifyElementPresent(findTestObject("Page_OrangeHRM/btn_Login"), 5): Object 'Object Repository/Page_OrangeHRM/btn_Login' is present

2023-08-21 17:57:17 - [MESSAGE][PASSED] - Object 'Object Repository/Page_OrangeHRM/btn_Login' is present

2023-08-21 17:57:17 - [TEST_STEP][PASSED] - verifyElementVisible(findTestObject("Page_OrangeHRM/btn_Login")): Object 'Object Repository/Page_OrangeHRM/btn_Login' is visible

2023-08-21 17:57:17 - [MESSAGE][PASSED] - Object 'Object Repository/Page_OrangeHRM/btn_Login' is visible

2023-08-21 17:57:17 - [TEST_STEP][PASSED] - verifyElementClickable(findTestObject("Page_OrangeHRM/btn_Login")): Object 'Object Repository/Page_OrangeHRM/btn_Login' is clickable

2023-08-21 17:57:18 - [MESSAGE][PASSED] - Object 'Object Repository/Page_OrangeHRM/btn_Login' is clickable

2023-08-21 17:57:18 - [TEST_STEP][PASSED] - setText(findTestObject("Object Repository/Page_OrangeHRM/inp_Username"), username_valid): Text 'Admin' is set on object 'Object Repository/Page_OrangeHRM/inp_Username'

2023-08-21 17:57:19 - [MESSAGE][PASSED] - Text 'Admin' is set on object 'Object Repository/Page_OrangeHRM/inp_Username'

2023-08-21 17:57:19 - [TEST_STEP][PASSED] - setText(findTestObject("Page_OrangeHRM/inp_Password"), password_invalid): Text 'admin123456' is set on object 'Object Repository/Page_OrangeHRM/inp_Password'

2023-08-21 17:57:19 - [MESSAGE][PASSED] - Text 'admin123456' is set on object 'Object Repository/Page_OrangeHRM/inp_Password'

2023-08-21 17:57:19 - [TEST_STEP][PASSED] - click(findTestObject("Object Repository/Page_OrangeHRM/btn_Login")): Object: 'Object Repository/Page_OrangeHRM/btn_Login' is clicked on

2023-08-21 17:57:20 - [MESSAGE][PASSED] - Object: 'Object Repository/Page_OrangeHRM/btn_Login' is clicked on

2023-08-21 17:57:20 - [TEST_STEP][PASSED] - try: Object 'Object Repository/Page_OrangeHRM/p_Invalid credentials' is visible

2023-08-21 17:57:20 - [TEST_STEP][PASSED] - element = verifyElementVisible(findTestObject("Object Repository/Page_OrangeHRM/p_Invalid credentials")): Object 'Object Repository/Page_OrangeHRM/p_Invalid credentials' is visible

2023-08-21 17:57:21 - [MESSAGE][PASSED] - Object 'Object Repository/Page_OrangeHRM/p_Invalid credentials' is visible

2023-08-21 17:57:21 - [TEST_STEP][PASSED] - closeBrowser(): Browser is closed

2023-08-21 17:57:22 - [MESSAGE][PASSED] - Browser is closed]]></system-out>
         <system-err><![CDATA[]]></system-err>
      </testcase>
      <testcase name="Test Cases/Verify the Login of Site-N2" time="12.215" classname="Test Cases/Verify the Login of Site-N2" status="PASSED">
         <system-out><![CDATA[2023-08-21 17:57:22 - [TEST_CASE][PASSED] - Test Cases/Verify the Login of Site-N2: Test Cases/Verify the Login of Site-N2

2023-08-21 17:57:22 - [TEST_STEP][PASSED] - openBrowser(""): Browser is opened with url: ''

2023-08-21 17:57:22 - [MESSAGE][INFO] - Starting 'Chrome' driver

2023-08-21 17:57:22 - [MESSAGE][INFO] - Action delay is set to 0 milliseconds

2023-08-21 17:57:24 - [MESSAGE][PASSED] - Browser is opened with url: ''

2023-08-21 17:57:24 - [TEST_STEP][PASSED] - navigateToUrl(urlLoginPage): Navigate to 'https://opensource-demo.orangehrmlive.com/web/index.php/auth/login' successfully

2023-08-21 17:57:28 - [MESSAGE][PASSED] - Navigate to 'https://opensource-demo.orangehrmlive.com/web/index.php/auth/login' successfully

2023-08-21 17:57:28 - [TEST_STEP][PASSED] - verifyElementPresent(findTestObject("Page_OrangeHRM/inp_Username"), 5): Object 'Object Repository/Page_OrangeHRM/inp_Username' is present

2023-08-21 17:57:28 - [MESSAGE][PASSED] - Object 'Object Repository/Page_OrangeHRM/inp_Username' is present

2023-08-21 17:57:28 - [TEST_STEP][PASSED] - verifyElementVisible(findTestObject("Page_OrangeHRM/inp_Username")): Object 'Object Repository/Page_OrangeHRM/inp_Username' is visible

2023-08-21 17:57:29 - [MESSAGE][PASSED] - Object 'Object Repository/Page_OrangeHRM/inp_Username' is visible

2023-08-21 17:57:29 - [TEST_STEP][PASSED] - verifyElementPresent(findTestObject("Page_OrangeHRM/inp_Password"), 5): Object 'Object Repository/Page_OrangeHRM/inp_Password' is present

2023-08-21 17:57:29 - [MESSAGE][PASSED] - Object 'Object Repository/Page_OrangeHRM/inp_Password' is present

2023-08-21 17:57:29 - [TEST_STEP][PASSED] - verifyElementVisible(findTestObject("Page_OrangeHRM/inp_Password")): Object 'Object Repository/Page_OrangeHRM/inp_Password' is visible

2023-08-21 17:57:29 - [MESSAGE][PASSED] - Object 'Object Repository/Page_OrangeHRM/inp_Password' is visible

2023-08-21 17:57:29 - [TEST_STEP][PASSED] - verifyElementPresent(findTestObject("Page_OrangeHRM/btn_Login"), 5): Object 'Object Repository/Page_OrangeHRM/btn_Login' is present

2023-08-21 17:57:30 - [MESSAGE][PASSED] - Object 'Object Repository/Page_OrangeHRM/btn_Login' is present

2023-08-21 17:57:30 - [TEST_STEP][PASSED] - verifyElementVisible(findTestObject("Page_OrangeHRM/btn_Login")): Object 'Object Repository/Page_OrangeHRM/btn_Login' is visible

2023-08-21 17:57:30 - [MESSAGE][PASSED] - Object 'Object Repository/Page_OrangeHRM/btn_Login' is visible

2023-08-21 17:57:30 - [TEST_STEP][PASSED] - verifyElementClickable(findTestObject("Page_OrangeHRM/btn_Login")): Object 'Object Repository/Page_OrangeHRM/btn_Login' is clickable

2023-08-21 17:57:31 - [MESSAGE][PASSED] - Object 'Object Repository/Page_OrangeHRM/btn_Login' is clickable

2023-08-21 17:57:31 - [TEST_STEP][PASSED] - setText(findTestObject("Object Repository/Page_OrangeHRM/inp_Username"), username_invalid): Text 'admin123456' is set on object 'Object Repository/Page_OrangeHRM/inp_Username'

2023-08-21 17:57:31 - [MESSAGE][PASSED] - Text 'admin123456' is set on object 'Object Repository/Page_OrangeHRM/inp_Username'

2023-08-21 17:57:31 - [TEST_STEP][PASSED] - setText(findTestObject("Page_OrangeHRM/inp_Password"), password_valid): Text 'hUKwJTbofgPU9eVlw/CnDQ==' is set on object 'Object Repository/Page_OrangeHRM/inp_Password'

2023-08-21 17:57:32 - [MESSAGE][PASSED] - Text 'hUKwJTbofgPU9eVlw/CnDQ==' is set on object 'Object Repository/Page_OrangeHRM/inp_Password'

2023-08-21 17:57:32 - [TEST_STEP][PASSED] - click(findTestObject("Object Repository/Page_OrangeHRM/btn_Login")): Object: 'Object Repository/Page_OrangeHRM/btn_Login' is clicked on

2023-08-21 17:57:32 - [MESSAGE][PASSED] - Object: 'Object Repository/Page_OrangeHRM/btn_Login' is clicked on

2023-08-21 17:57:32 - [TEST_STEP][PASSED] - try: Object 'Object Repository/Page_OrangeHRM/p_Invalid credentials' is visible

2023-08-21 17:57:32 - [TEST_STEP][PASSED] - element = verifyElementVisible(findTestObject("Object Repository/Page_OrangeHRM/p_Invalid credentials")): Object 'Object Repository/Page_OrangeHRM/p_Invalid credentials' is visible

2023-08-21 17:57:34 - [MESSAGE][PASSED] - Object 'Object Repository/Page_OrangeHRM/p_Invalid credentials' is visible

2023-08-21 17:57:34 - [TEST_STEP][PASSED] - closeBrowser(): Browser is closed

2023-08-21 17:57:34 - [MESSAGE][PASSED] - Browser is closed]]></system-out>
         <system-err><![CDATA[]]></system-err>
      </testcase>
      <testcase name="Test Cases/Verify the Login of Site-N3" time="11.168" classname="Test Cases/Verify the Login of Site-N3" status="PASSED">
         <system-out><![CDATA[2023-08-21 17:57:34 - [TEST_CASE][PASSED] - Test Cases/Verify the Login of Site-N3: Test Cases/Verify the Login of Site-N3

2023-08-21 17:57:35 - [TEST_STEP][PASSED] - openBrowser(""): Browser is opened with url: ''

2023-08-21 17:57:35 - [MESSAGE][INFO] - Starting 'Chrome' driver

2023-08-21 17:57:35 - [MESSAGE][INFO] - Action delay is set to 0 milliseconds

2023-08-21 17:57:36 - [MESSAGE][PASSED] - Browser is opened with url: ''

2023-08-21 17:57:36 - [TEST_STEP][PASSED] - navigateToUrl(urlLoginPage): Navigate to 'https://opensource-demo.orangehrmlive.com/web/index.php/auth/login' successfully

2023-08-21 17:57:39 - [MESSAGE][PASSED] - Navigate to 'https://opensource-demo.orangehrmlive.com/web/index.php/auth/login' successfully

2023-08-21 17:57:39 - [TEST_STEP][PASSED] - verifyElementPresent(findTestObject("Page_OrangeHRM/inp_Username"), 5): Object 'Object Repository/Page_OrangeHRM/inp_Username' is present

2023-08-21 17:57:40 - [MESSAGE][PASSED] - Object 'Object Repository/Page_OrangeHRM/inp_Username' is present

2023-08-21 17:57:40 - [TEST_STEP][PASSED] - verifyElementVisible(findTestObject("Page_OrangeHRM/inp_Username")): Object 'Object Repository/Page_OrangeHRM/inp_Username' is visible

2023-08-21 17:57:40 - [MESSAGE][PASSED] - Object 'Object Repository/Page_OrangeHRM/inp_Username' is visible

2023-08-21 17:57:40 - [TEST_STEP][PASSED] - verifyElementPresent(findTestObject("Page_OrangeHRM/inp_Password"), 5): Object 'Object Repository/Page_OrangeHRM/inp_Password' is present

2023-08-21 17:57:41 - [MESSAGE][PASSED] - Object 'Object Repository/Page_OrangeHRM/inp_Password' is present

2023-08-21 17:57:41 - [TEST_STEP][PASSED] - verifyElementVisible(findTestObject("Page_OrangeHRM/inp_Password")): Object 'Object Repository/Page_OrangeHRM/inp_Password' is visible

2023-08-21 17:57:41 - [MESSAGE][PASSED] - Object 'Object Repository/Page_OrangeHRM/inp_Password' is visible

2023-08-21 17:57:41 - [TEST_STEP][PASSED] - verifyElementPresent(findTestObject("Page_OrangeHRM/btn_Login"), 5): Object 'Object Repository/Page_OrangeHRM/btn_Login' is present

2023-08-21 17:57:41 - [MESSAGE][PASSED] - Object 'Object Repository/Page_OrangeHRM/btn_Login' is present

2023-08-21 17:57:41 - [TEST_STEP][PASSED] - verifyElementVisible(findTestObject("Page_OrangeHRM/btn_Login")): Object 'Object Repository/Page_OrangeHRM/btn_Login' is visible

2023-08-21 17:57:42 - [MESSAGE][PASSED] - Object 'Object Repository/Page_OrangeHRM/btn_Login' is visible

2023-08-21 17:57:42 - [TEST_STEP][PASSED] - verifyElementClickable(findTestObject("Page_OrangeHRM/btn_Login")): Object 'Object Repository/Page_OrangeHRM/btn_Login' is clickable

2023-08-21 17:57:42 - [MESSAGE][PASSED] - Object 'Object Repository/Page_OrangeHRM/btn_Login' is clickable

2023-08-21 17:57:42 - [TEST_STEP][PASSED] - setText(findTestObject("Object Repository/Page_OrangeHRM/inp_Username"), username_invalid): Text 'admin123456' is set on object 'Object Repository/Page_OrangeHRM/inp_Username'

2023-08-21 17:57:43 - [MESSAGE][PASSED] - Text 'admin123456' is set on object 'Object Repository/Page_OrangeHRM/inp_Username'

2023-08-21 17:57:43 - [TEST_STEP][PASSED] - setText(findTestObject("Page_OrangeHRM/inp_Password"), password_invalid): Text 'admin123456' is set on object 'Object Repository/Page_OrangeHRM/inp_Password'

2023-08-21 17:57:43 - [MESSAGE][PASSED] - Text 'admin123456' is set on object 'Object Repository/Page_OrangeHRM/inp_Password'

2023-08-21 17:57:43 - [TEST_STEP][PASSED] - click(findTestObject("Object Repository/Page_OrangeHRM/btn_Login")): Object: 'Object Repository/Page_OrangeHRM/btn_Login' is clicked on

2023-08-21 17:57:44 - [MESSAGE][PASSED] - Object: 'Object Repository/Page_OrangeHRM/btn_Login' is clicked on

2023-08-21 17:57:44 - [TEST_STEP][PASSED] - try: Object 'Object Repository/Page_OrangeHRM/p_Invalid credentials' is visible

2023-08-21 17:57:44 - [TEST_STEP][PASSED] - element = verifyElementVisible(findTestObject("Object Repository/Page_OrangeHRM/p_Invalid credentials")): Object 'Object Repository/Page_OrangeHRM/p_Invalid credentials' is visible

2023-08-21 17:57:45 - [MESSAGE][PASSED] - Object 'Object Repository/Page_OrangeHRM/p_Invalid credentials' is visible

2023-08-21 17:57:45 - [TEST_STEP][PASSED] - closeBrowser(): Browser is closed

2023-08-21 17:57:46 - [MESSAGE][PASSED] - Browser is closed]]></system-out>
         <system-err><![CDATA[]]></system-err>
      </testcase>
      <testcase name="Test Cases/Verify the Login of Site-P" time="45.456" classname="Test Cases/Verify the Login of Site-P" status="PASSED">
         <system-out><![CDATA[2023-08-21 17:57:46 - [TEST_CASE][PASSED] - Test Cases/Verify the Login of Site-P: Test Cases/Verify the Login of Site-P

2023-08-21 17:57:46 - [TEST_STEP][PASSED] - openBrowser(""): Browser is opened with url: ''

2023-08-21 17:57:46 - [MESSAGE][INFO] - Starting 'Chrome' driver

2023-08-21 17:57:46 - [MESSAGE][INFO] - Action delay is set to 0 milliseconds

2023-08-21 17:57:47 - [MESSAGE][PASSED] - Browser is opened with url: ''

2023-08-21 17:57:47 - [TEST_STEP][PASSED] - navigateToUrl(urlLoginPage): Navigate to 'https://opensource-demo.orangehrmlive.com/web/index.php/auth/login' successfully

2023-08-21 17:57:53 - [MESSAGE][PASSED] - Navigate to 'https://opensource-demo.orangehrmlive.com/web/index.php/auth/login' successfully

2023-08-21 17:57:53 - [TEST_STEP][PASSED] - verifyElementPresent(findTestObject("Page_OrangeHRM/inp_Username"), 5): Object 'Object Repository/Page_OrangeHRM/inp_Username' is present

2023-08-21 17:57:54 - [MESSAGE][PASSED] - Object 'Object Repository/Page_OrangeHRM/inp_Username' is present

2023-08-21 17:57:54 - [TEST_STEP][PASSED] - verifyElementVisible(findTestObject("Page_OrangeHRM/inp_Username")): Object 'Object Repository/Page_OrangeHRM/inp_Username' is visible

2023-08-21 17:57:54 - [MESSAGE][PASSED] - Object 'Object Repository/Page_OrangeHRM/inp_Username' is visible

2023-08-21 17:57:54 - [TEST_STEP][PASSED] - verifyElementPresent(findTestObject("Page_OrangeHRM/inp_Password"), 5): Object 'Object Repository/Page_OrangeHRM/inp_Password' is present

2023-08-21 17:57:54 - [MESSAGE][PASSED] - Object 'Object Repository/Page_OrangeHRM/inp_Password' is present

2023-08-21 17:57:54 - [TEST_STEP][PASSED] - verifyElementVisible(findTestObject("Page_OrangeHRM/inp_Password")): Object 'Object Repository/Page_OrangeHRM/inp_Password' is visible

2023-08-21 17:57:55 - [MESSAGE][PASSED] - Object 'Object Repository/Page_OrangeHRM/inp_Password' is visible

2023-08-21 17:57:55 - [TEST_STEP][PASSED] - verifyElementPresent(findTestObject("Page_OrangeHRM/btn_Login"), 5): Object 'Object Repository/Page_OrangeHRM/btn_Login' is present

2023-08-21 17:57:55 - [MESSAGE][PASSED] - Object 'Object Repository/Page_OrangeHRM/btn_Login' is present

2023-08-21 17:57:55 - [TEST_STEP][PASSED] - verifyElementVisible(findTestObject("Page_OrangeHRM/btn_Login")): Object 'Object Repository/Page_OrangeHRM/btn_Login' is visible

2023-08-21 17:57:55 - [MESSAGE][PASSED] - Object 'Object Repository/Page_OrangeHRM/btn_Login' is visible

2023-08-21 17:57:55 - [TEST_STEP][PASSED] - verifyElementClickable(findTestObject("Page_OrangeHRM/btn_Login")): Object 'Object Repository/Page_OrangeHRM/btn_Login' is clickable

2023-08-21 17:57:56 - [MESSAGE][PASSED] - Object 'Object Repository/Page_OrangeHRM/btn_Login' is clickable

2023-08-21 17:57:56 - [TEST_STEP][PASSED] - setText(findTestObject("Object Repository/Page_OrangeHRM/inp_Username"), username_valid): Text 'Admin' is set on object 'Object Repository/Page_OrangeHRM/inp_Username'

2023-08-21 17:57:56 - [MESSAGE][PASSED] - Text 'Admin' is set on object 'Object Repository/Page_OrangeHRM/inp_Username'

2023-08-21 17:57:56 - [TEST_STEP][PASSED] - setEncryptedText(findTestObject("Page_OrangeHRM/inp_Password"), password_valid): Text ****** has been set on object 'Object Repository/Page_OrangeHRM/inp_Password'

2023-08-21 17:57:57 - [MESSAGE][PASSED] - Text ****** has been set on object 'Object Repository/Page_OrangeHRM/inp_Password'

2023-08-21 17:57:57 - [TEST_STEP][PASSED] - click(findTestObject("Object Repository/Page_OrangeHRM/btn_Login")): Object: 'Object Repository/Page_OrangeHRM/btn_Login' is clicked on

2023-08-21 17:57:57 - [MESSAGE][PASSED] - Object: 'Object Repository/Page_OrangeHRM/btn_Login' is clicked on

2023-08-21 17:57:57 - [TEST_STEP][PASSED] - try: Object 'Object Repository/Page_OrangeHRM/p_Invalid credentials' is visible

2023-08-21 17:57:57 - [TEST_STEP][PASSED] - element = verifyElementVisible(findTestObject("Object Repository/Page_OrangeHRM/p_Invalid credentials")): Object 'Object Repository/Page_OrangeHRM/p_Invalid credentials' is visible

2023-08-21 17:58:29 - [MESSAGE][INFO] - Unable to find the element located by 'By.xpath: //p[(text() = 'Invalid credentials' or . = 'Invalid credentials')]'. Please recheck the objects properties to make sure the desired element is located. 

2023-08-21 17:58:29 - [MESSAGE][WARNING] - [SELF-HEALING] Failed to find element with id 'Object Repository/Page_OrangeHRM/p_Invalid credentials'. Try using Self-healing.

2023-08-21 17:58:29 - [MESSAGE][INFO] - [SELF-HEALING] Failed Locator: '//div[@id='app']/div/div/div/div/div[2]/div[2]/div/div/div/p'.

2023-08-21 17:58:29 - [MESSAGE][INFO] - [SELF-HEALING] Failed Locator: '(.//*[normalize-space(text()) and normalize-space(.)='Username'])[1]/preceding::p[3]'.

2023-08-21 17:58:29 - [MESSAGE][INFO] - [SELF-HEALING] Failed Locator: '(.//*[normalize-space(text()) and normalize-space(.)='Password'])[1]/preceding::p[3]'.

2023-08-21 17:58:30 - [MESSAGE][INFO] - [SELF-HEALING] Failed Locator: '//*/text()[normalize-space(.)='Invalid credentials']/parent::*'.

2023-08-21 17:58:30 - [MESSAGE][INFO] - [SELF-HEALING] Working Locator: '//p'.

2023-08-21 17:58:30 - [MESSAGE][INFO] - [SELF-HEALING] Screenshot: C:/Users/ekarayel/git/KatalonRep1/Reports/Self-healing/Object Repository/Page_OrangeHRM/p_Invalid credentials_position.png

2023-08-21 17:58:30 - [MESSAGE][WARNING] - [SELF-HEALING] The current locator of test object 'Object Repository/Page_OrangeHRM/p_Invalid credentials' was broken. Propose an alternative one: '//p'.

2023-08-21 17:58:30 - [MESSAGE][PASSED] - Object 'Object Repository/Page_OrangeHRM/p_Invalid credentials' is visible

2023-08-21 17:58:30 - [TEST_STEP][PASSED] - closeBrowser(): Browser is closed

2023-08-21 17:58:31 - [MESSAGE][PASSED] - Browser is closed]]></system-out>
         <system-err><![CDATA[]]></system-err>
      </testcase>
      <system-out><![CDATA[2023-08-21 17:57:06 - [TEST_SUITE][PASSED] - Verify the Login of Site: Test Cases/Verify the Login of Site-P]]></system-out>
      <system-err><![CDATA[]]></system-err>
   </testsuite>
</testsuites>
